<?xml version="1.0" encoding="UTF-8"?>
<testsuite xmlns:xsi="http://www.w3.org/2001/XMLSchema-instance" xsi:noNamespaceSchemaLocation="https://maven.apache.org/surefire/maven-surefire-plugin/xsd/surefire-test-report.xsd" name="com.cgonzalez.AppTest" time="0.03" tests="1" errors="0" skipped="0" failures="0">
  <properties>
    <property name="java.specification.version" value="19"/>
    <property name="sun.cpu.isalist" value="amd64"/>
    <property name="sun.jnu.encoding" value="Cp1252"/>
    <property name="java.class.path" value="C:\Users\Chris\Desktop\FatTreeDataCenter\fat-tree-data-center\target\test-classes;C:\Users\Chris\Desktop\FatTreeDataCenter\fat-tree-data-center\target\classes;C:\Users\Chris\.m2\repository\junit\junit\4.11\junit-4.11.jar;C:\Users\Chris\.m2\repository\org\hamcrest\hamcrest-core\1.3\hamcrest-core-1.3.jar;"/>
    <property name="java.vm.vendor" value="Oracle Corporation"/>
    <property name="sun.arch.data.model" value="64"/>
    <property name="user.variant" value=""/>
    <property name="java.vendor.url" value="https://java.oracle.com/"/>
    <property name="user.timezone" value="America/Los_Angeles"/>
    <property name="os.name" value="Windows 10"/>
    <property name="java.vm.specification.version" value="19"/>
    <property name="sun.java.launcher" value="SUN_STANDARD"/>
    <property name="user.country" value="US"/>
    <property name="sun.boot.library.path" value="C:\Program Files\Java\jdk-19\bin"/>
    <property name="sun.java.command" value="C:\Users\Chris\AppData\Local\Temp\surefire2899931877393644405\surefirebooter305451065749029536.jar C:\Users\Chris\AppData\Local\Temp\surefire2899931877393644405 2023-08-07T11-58-30_859-jvmRun1 surefire6356952422185746425tmp surefire_011444397746941956074tmp"/>
    <property name="jdk.debug" value="release"/>
    <property name="surefire.test.class.path" value="C:\Users\Chris\Desktop\FatTreeDataCenter\fat-tree-data-center\target\test-classes;C:\Users\Chris\Desktop\FatTreeDataCenter\fat-tree-data-center\target\classes;C:\Users\Chris\.m2\repository\junit\junit\4.11\junit-4.11.jar;C:\Users\Chris\.m2\repository\org\hamcrest\hamcrest-core\1.3\hamcrest-core-1.3.jar;"/>
    <property name="sun.cpu.endian" value="little"/>
    <property name="user.home" value="C:\Users\Chris"/>
    <property name="user.language" value="en"/>
    <property name="java.specification.vendor" value="Oracle Corporation"/>
    <property name="java.version.date" value="2023-01-17"/>
    <property name="java.home" value="C:\Program Files\Java\jdk-19"/>
    <property name="file.separator" value="\"/>
    <property name="basedir" value="C:\Users\Chris\Desktop\FatTreeDataCenter\fat-tree-data-center"/>
    <property name="java.vm.compressedOopsMode" value="Zero based"/>
    <property name="line.separator" value="&#10;"/>
    <property name="java.vm.specification.vendor" value="Oracle Corporation"/>
    <property name="java.specification.name" value="Java Platform API Specification"/>
    <property name="surefire.real.class.path" value="C:\Users\Chris\AppData\Local\Temp\surefire2899931877393644405\surefirebooter305451065749029536.jar"/>
    <property name="user.script" value=""/>
    <property name="sun.management.compiler" value="HotSpot 64-Bit Tiered Compilers"/>
    <property name="java.runtime.version" value="19.0.2+7-44"/>
    <property name="user.name" value="Chris"/>
    <property name="stdout.encoding" value="Cp1252"/>
    <property name="path.separator" value=";"/>
    <property name="os.version" value="10.0"/>
    <property name="java.runtime.name" value="Java(TM) SE Runtime Environment"/>
    <property name="file.encoding" value="UTF-8"/>
    <property name="java.vm.name" value="Java HotSpot(TM) 64-Bit Server VM"/>
    <property name="localRepository" value="C:\Users\Chris\.m2\repository"/>
    <property name="java.vendor.url.bug" value="https://bugreport.java.com/bugreport/"/>
    <property name="java.io.tmpdir" value="C:\Users\Chris\AppData\Local\Temp\"/>
    <property name="java.version" value="19.0.2"/>
    <property name="user.dir" value="C:\Users\Chris\Desktop\FatTreeDataCenter\fat-tree-data-center"/>
    <property name="os.arch" value="amd64"/>
    <property name="java.vm.specification.name" value="Java Virtual Machine Specification"/>
    <property name="sun.os.patch.level" value=""/>
    <property name="native.encoding" value="Cp1252"/>
    <property name="java.library.path" value="C:\Program Files\Java\jdk-19\bin;C:\Windows\Sun\Java\bin;C:\Windows\system32;C:\Windows;C:\Users\Chris\miniconda3;C:\Users\Chris\miniconda3\Library\mingw-w64\bin;C:\Users\Chris\miniconda3\Library\usr\bin;C:\Users\Chris\miniconda3\Library\bin;C:\Users\Chris\miniconda3\Scripts;C:\Users\Chris\miniconda3\bin;C:\Users\Chris\miniconda3\condabin;C:\Program Files\PowerShell\7;C:\gurobi1001\win64\bin;C:\Program Files\Common Files\Oracle\Java\javapath;C:\Python310\Scripts;C:\Python310;C:\Program Files\IBM\ILOG\CPLEX_Studio_Community201\opl\bin\x64_win64;C:\Program Files\IBM\ILOG\CPLEX_Studio_Community201\opl\oplide;C:\Program Files\IBM\ILOG\CPLEX_Studio_Community201\cplex\bin\x64_win64;C:\Program Files\IBM\ILOG\CPLEX_Studio_Community201\cpoptimizer\bin\x64_win64;C:\Python39\Scripts;C:\Python39;C:\Program Files\Java\jdk-19\bin;C:\Windows\system32;C:\Windows;C:\Windows\System32\Wbem;C:\Windows\System32\WindowsPowerShell\v1.0;C:\Windows\System32\OpenSSH;C:\Program Files\Microsoft VS Code\bin;C:\Program Files\NVIDIA Corporation\NVIDIA NvDLISR;C:\Program Files (x86)\NVIDIA Corporation\PhysX\Common;C:\ProgramData\chocolatey\bin;C:\Program Files\dotnet;C:\Program Files\Git\cmd;C:\Program Files\nodejs;C:\Program Files\Docker\Docker\resources\bin;C:\ProgramData\DockerDesktop\version-bin;C:\Program Files\Calibre2;C:\Users\Chris\miniconda3;C:\Program Files\PowerShell\7;C:\Program Files\apache-maven-3.9.4\bin;C:\Users\Chris\AppData\Local\Microsoft\WindowsApps;C:\Users\Chris\.dotnet\tools;C:\Users\Chris\AppData\Roaming\npm;C:\Users\Chris\AppData\Local\Programs\MiKTeX\miktex\bin\x64;."/>
    <property name="java.vm.info" value="mixed mode, sharing"/>
    <property name="stderr.encoding" value="Cp1252"/>
    <property name="java.vendor" value="Oracle Corporation"/>
    <property name="java.vm.version" value="19.0.2+7-44"/>
    <property name="sun.io.unicode.encoding" value="UnicodeLittle"/>
    <property name="java.class.version" value="63.0"/>
  </properties>
  <testcase name="shouldAnswerWithTrue" classname="com.cgonzalez.AppTest" time="0.004"/>
</testsuite>